{"level":"info","message":"Server started at port 8000","timestamp":"2026-01-11T17:40:46.523Z"}
{"level":"info","message":"Database connected successfully","timestamp":"2026-01-11T17:40:47.353Z"}
{"level":"info","message":"Server started at port 8000","timestamp":"2026-01-12T18:11:22.181Z"}
{"level":"info","message":"Database connected successfully","timestamp":"2026-01-12T18:11:23.086Z"}
{"level":"info","message":"Server started at port 8000","timestamp":"2026-01-12T18:53:59.463Z"}
{"level":"info","message":"Database connected successfully","timestamp":"2026-01-12T18:54:00.278Z"}
{"level":"info","message":"Server started at port 8000","timestamp":"2026-01-12T18:58:08.675Z"}
{"level":"info","message":"Database connected successfully","timestamp":"2026-01-12T18:58:09.628Z"}
{"level":"info","message":"Server started at port 8000","timestamp":"2026-01-12T19:03:35.753Z"}
{"level":"info","message":"Database connected successfully","timestamp":"2026-01-12T19:03:36.727Z"}
{"level":"info","message":"Server started at port 8000","timestamp":"2026-01-12T19:08:01.269Z"}
{"level":"info","message":"Database connected successfully","timestamp":"2026-01-12T19:08:02.130Z"}
{"level":"info","message":"Server started at port 8000","timestamp":"2026-01-13T07:08:14.953Z"}
{"level":"info","message":"Database connected successfully","timestamp":"2026-01-13T07:08:16.280Z"}
{"level":"info","message":"Server started at port 8000","timestamp":"2026-01-13T07:21:48.439Z"}
{"level":"info","message":"Database connected successfully","timestamp":"2026-01-13T07:21:51.014Z"}
{"level":"info","message":"Server started at port 8000","timestamp":"2026-01-13T07:23:41.728Z"}
{"level":"info","message":"Database connected successfully","timestamp":"2026-01-13T07:23:42.527Z"}
{"level":"info","message":"Server started at port 8000","timestamp":"2026-01-13T07:23:56.272Z"}
{"level":"info","message":"Database connected successfully","timestamp":"2026-01-13T07:23:57.160Z"}
{"level":"info","message":"Server started at port 8000","timestamp":"2026-01-13T07:29:58.400Z"}
{"level":"info","message":"Database connected successfully","timestamp":"2026-01-13T07:29:59.387Z"}
{"level":"info","message":"Server started at port 8000","timestamp":"2026-01-13T07:43:36.825Z"}
{"level":"info","message":"Database connected successfully","timestamp":"2026-01-13T07:43:37.652Z"}
{"level":"info","message":"Server started at port 8000","timestamp":"2026-01-13T07:44:09.266Z"}
{"level":"info","message":"Database connected successfully","timestamp":"2026-01-13T07:44:09.975Z"}
{"level":"info","message":"Server started at port 8000","timestamp":"2026-01-13T07:44:21.473Z"}
{"level":"info","message":"Server started at port 8000","timestamp":"2026-01-13T07:44:28.328Z"}
{"level":"info","message":"Database connected successfully","timestamp":"2026-01-13T07:44:29.575Z"}
{"level":"info","message":"Server started at port 8000","timestamp":"2026-01-13T07:45:22.865Z"}
{"level":"info","message":"Database connected successfully","timestamp":"2026-01-13T07:45:23.895Z"}
{"level":"info","message":"Server started at port 8000","timestamp":"2026-01-13T08:14:38.015Z"}
{"level":"info","message":"Database connected successfully","timestamp":"2026-01-13T08:14:38.860Z"}
{"level":"info","message":"Server started at port 8000","timestamp":"2026-01-13T08:18:58.375Z"}
{"level":"info","message":"Database connected successfully","timestamp":"2026-01-13T08:18:59.598Z"}
{"level":"info","message":"Server started at port 8000","timestamp":"2026-01-13T09:17:38.203Z"}
{"level":"info","message":"Database connected successfully","timestamp":"2026-01-13T09:17:39.024Z"}
{"level":"info","message":"Server started at port 8000","timestamp":"2026-01-13T09:22:04.799Z"}
{"level":"info","message":"Database connected successfully","timestamp":"2026-01-13T09:22:05.876Z"}
{"level":"info","message":"Server started at port 8000","timestamp":"2026-01-13T09:32:53.057Z"}
{"level":"info","message":"Database connected successfully","timestamp":"2026-01-13T09:32:54.083Z"}
{"level":"info","message":"Server started at port 8000","timestamp":"2026-01-13T09:35:25.085Z"}
{"level":"info","message":"Database connected successfully","timestamp":"2026-01-13T09:35:26.203Z"}
{"level":"info","message":"Server started at port 8000","timestamp":"2026-01-13T09:38:55.453Z"}
{"level":"info","message":"Database connected successfully","timestamp":"2026-01-13T09:38:56.436Z"}
{"level":"info","message":"Server started at port 8000","timestamp":"2026-01-13T11:47:41.118Z"}
{"level":"info","message":"Database connected successfully","timestamp":"2026-01-13T11:47:41.956Z"}
{"level":"info","message":"Server started at port 8000","timestamp":"2026-01-13T11:48:30.551Z"}
{"level":"info","message":"Database connected successfully","timestamp":"2026-01-13T11:48:31.231Z"}
{"level":"info","message":"Server started at port 8000","timestamp":"2026-01-13T11:49:18.673Z"}
{"level":"info","message":"Database connected successfully","timestamp":"2026-01-13T11:49:19.457Z"}
{"level":"info","message":"Server started at port 8000","timestamp":"2026-01-13T11:50:00.414Z"}
{"level":"info","message":"Database connected successfully","timestamp":"2026-01-13T11:50:01.015Z"}
{"level":"info","message":"Server started at port 8000","timestamp":"2026-01-13T11:59:47.900Z"}
{"level":"info","message":"Database connected successfully","timestamp":"2026-01-13T11:59:48.665Z"}
{"level":"info","message":"Server started at port 8000","timestamp":"2026-01-13T12:09:40.131Z"}
{"level":"info","message":"Database connected successfully","timestamp":"2026-01-13T12:09:40.957Z"}
{"level":"info","message":"Server started at port 8000","timestamp":"2026-01-13T12:16:22.911Z"}
{"level":"info","message":"Database connected successfully","timestamp":"2026-01-13T12:16:23.958Z"}
{"level":"info","message":"Server started at port 8000","timestamp":"2026-01-13T12:17:21.275Z"}
{"level":"info","message":"Database connected successfully","timestamp":"2026-01-13T12:17:23.152Z"}
{"level":"info","message":"Server started at port 8000","timestamp":"2026-01-13T12:21:30.301Z"}
{"level":"info","message":"Database connected successfully","timestamp":"2026-01-13T12:21:31.295Z"}
{"level":"info","message":"Server started at port 8000","timestamp":"2026-01-13T13:42:42.448Z"}
{"level":"info","message":"Database connected successfully","timestamp":"2026-01-13T13:42:43.514Z"}
{"level":"info","message":"Server started at port 8000","timestamp":"2026-01-13T15:54:41.890Z"}
{"level":"info","message":"Server started at port 8000","timestamp":"2026-05-06T06:08:45.383Z"}
{"error":{"code":"ENOTFOUND","hostname":"_mongodb._tcp.cluster0.o0iw6zb.mongodb.net","syscall":"querySrv"},"level":"error","message":"Database connection error","timestamp":"2026-05-06T06:08:45.451Z"}
{"level":"info","message":"Server started at port 8000","timestamp":"2026-05-06T06:12:24.105Z"}
{"error":{"code":"ENOTFOUND","hostname":"_mongodb._tcp.cluster0.o0iw6zb.mongodb.net","syscall":"querySrv"},"level":"error","message":"Database connection error","timestamp":"2026-05-06T06:12:24.210Z"}
{"level":"info","message":"Server started at port 8000","timestamp":"2026-05-06T06:21:13.435Z"}
{"error":{"code":"ENOTFOUND","hostname":"_mongodb._tcp.cluster0.o0iw6zb.mongodb.net","syscall":"querySrv"},"level":"error","message":"Database connection error","timestamp":"2026-05-06T06:21:13.500Z"}
{"level":"info","message":"Server started at port 8000","timestamp":"2026-05-06T07:03:42.290Z"}
{"level":"info","message":"Server started at port 8000","timestamp":"2026-05-06T07:03:46.334Z"}
{"level":"info","message":"Server started at port 8000","timestamp":"2026-05-06T07:04:23.530Z"}
{"level":"info","message":"Database connected successfully","timestamp":"2026-05-06T07:04:24.492Z"}
{"level":"info","message":"Server started at port 8000","timestamp":"2026-05-06T07:56:56.343Z"}
{"level":"info","message":"Database connected successfully","timestamp":"2026-05-06T07:56:57.548Z"}
{"level":"info","message":"Server started at port 8000","timestamp":"2026-05-06T08:01:09.196Z"}
{"level":"info","message":"Database connected successfully","timestamp":"2026-05-06T08:01:10.122Z"}
{"level":"info","message":"Server started at port 8000","timestamp":"2026-05-06T08:12:27.780Z"}
{"level":"info","message":"Database connected successfully","timestamp":"2026-05-06T08:12:28.613Z"}
{"level":"info","message":"Server started at port 8000","timestamp":"2026-05-06T08:12:59.944Z"}
{"level":"info","message":"Database connected successfully","timestamp":"2026-05-06T08:13:00.642Z"}
{"level":"info","message":"Server started at port 8000","timestamp":"2026-05-06T08:18:30.745Z"}
{"level":"info","message":"Server started at port 8000","timestamp":"2026-05-06T08:18:33.189Z"}
{"level":"info","message":"Database connected successfully","timestamp":"2026-05-06T08:18:33.741Z"}
{"level":"info","message":"Server started at port 8000","timestamp":"2026-05-06T10:25:56.319Z"}
{"level":"info","message":"Database connected successfully","timestamp":"2026-05-06T10:25:57.604Z"}
{"level":"info","message":"Server started at port 8000","timestamp":"2026-05-06T10:26:12.321Z"}
{"level":"info","message":"Database connected successfully","timestamp":"2026-05-06T10:26:13.266Z"}
{"level":"info","message":"Server started at port 8000","timestamp":"2026-05-06T10:26:25.510Z"}
{"level":"info","message":"Server started at port 8000","timestamp":"2026-05-06T10:26:27.643Z"}
{"level":"info","message":"Database connected successfully","timestamp":"2026-05-06T10:26:32.991Z"}
{"level":"info","message":"Server started at port 8000","timestamp":"2026-05-06T10:55:07.791Z"}
{"level":"info","message":"Database connected successfully","timestamp":"2026-05-06T10:55:08.700Z"}
{"level":"info","message":"Server started at port 8000","timestamp":"2026-05-06T10:55:22.011Z"}
{"level":"info","message":"Database connected successfully","timestamp":"2026-05-06T10:55:22.649Z"}
{"level":"info","message":"Server started at port 8000","timestamp":"2026-05-06T11:15:20.782Z"}
{"level":"info","message":"Database connected successfully","timestamp":"2026-05-06T11:15:21.713Z"}
{"level":"info","message":"Server started at port 8000","timestamp":"2026-05-06T11:30:50.171Z"}
{"level":"info","message":"Database connected successfully","timestamp":"2026-05-06T11:30:51.059Z"}
{"level":"info","message":"Server started at port 8000","timestamp":"2026-05-06T11:31:05.575Z"}
{"level":"info","message":"Database connected successfully","timestamp":"2026-05-06T11:31:06.252Z"}
{"level":"info","message":"Server started at port 8000","timestamp":"2026-05-06T11:37:27.051Z"}
{"level":"info","message":"Database connected successfully","timestamp":"2026-05-06T11:37:27.927Z"}
{"level":"info","message":"Server started at port 8000","timestamp":"2026-05-06T16:55:22.904Z"}
{"level":"info","message":"Database connected successfully","timestamp":"2026-05-06T16:55:24.397Z"}
{"level":"info","message":"Server started at port 8000","timestamp":"2026-05-06T16:57:00.222Z"}
{"level":"info","message":"Database connected successfully","timestamp":"2026-05-06T16:57:01.100Z"}
{"level":"info","message":"Server started at port 8000","timestamp":"2026-05-06T16:57:16.602Z"}
{"level":"info","message":"Database connected successfully","timestamp":"2026-05-06T16:57:17.396Z"}
{"level":"info","message":"Server started at port 8000","timestamp":"2026-05-06T17:05:15.931Z"}
{"level":"info","message":"Database connected successfully","timestamp":"2026-05-06T17:05:16.791Z"}
{"level":"info","message":"Server started at port 8000","timestamp":"2026-05-06T17:05:26.683Z"}
{"level":"info","message":"Database connected successfully","timestamp":"2026-05-06T17:05:27.414Z"}
{"level":"info","message":"Server started at port 8000","timestamp":"2026-05-06T17:05:57.525Z"}
{"level":"info","message":"Database connected successfully","timestamp":"2026-05-06T17:05:58.260Z"}
{"level":"info","message":"Server started at port 8000","timestamp":"2026-05-06T17:06:18.259Z"}
{"level":"info","message":"Database connected successfully","timestamp":"2026-05-06T17:06:20.021Z"}
{"level":"info","message":"Server started at port 8000","timestamp":"2026-05-06T17:16:24.213Z"}
{"level":"info","message":"Database connected successfully","timestamp":"2026-05-06T17:16:25.394Z"}
{"level":"info","message":"Server started at port 8000","timestamp":"2026-05-06T17:18:04.884Z"}
{"level":"info","message":"Database connected successfully","timestamp":"2026-05-06T17:18:05.717Z"}
{"level":"info","message":"Server started at port 8000","timestamp":"2026-05-06T17:33:35.365Z"}
{"level":"info","message":"Database connected successfully","timestamp":"2026-05-06T17:33:36.452Z"}
{"level":"info","message":"Server started at port 8000","timestamp":"2026-05-06T17:37:53.969Z"}
{"level":"info","message":"Database connected successfully","timestamp":"2026-05-06T17:37:56.219Z"}
{"level":"info","message":"Server started at port 8000","timestamp":"2026-05-06T17:42:14.690Z"}
{"level":"info","message":"Database connected successfully","timestamp":"2026-05-06T17:42:15.429Z"}
{"level":"info","message":"Server started at port 8000","timestamp":"2026-05-06T17:42:41.713Z"}
{"level":"info","message":"Database connected successfully","timestamp":"2026-05-06T17:42:42.660Z"}
{"level":"info","message":"Server started at port 8000","timestamp":"2026-05-06T17:44:42.422Z"}
{"level":"info","message":"Database connected successfully","timestamp":"2026-05-06T17:44:43.315Z"}
{"level":"info","message":"Server started at port 8000","timestamp":"2026-05-06T17:49:00.525Z"}
{"level":"info","message":"Database connected successfully","timestamp":"2026-05-06T17:49:01.381Z"}
{"level":"info","message":"Server started at port 8000","timestamp":"2026-05-06T17:49:35.135Z"}
{"level":"info","message":"Database connected successfully","timestamp":"2026-05-06T17:49:36.107Z"}
{"level":"info","message":"Server started at port 8000","timestamp":"2026-05-06T17:50:00.179Z"}
{"level":"info","message":"Database connected successfully","timestamp":"2026-05-06T17:50:00.862Z"}
{"level":"info","message":"Server started at port 8000","timestamp":"2026-05-06T17:50:16.072Z"}
{"level":"info","message":"Database connected successfully","timestamp":"2026-05-06T17:50:16.728Z"}
{"level":"info","message":"Server started at port 8000","timestamp":"2026-05-06T17:51:57.197Z"}
{"level":"info","message":"Database connected successfully","timestamp":"2026-05-06T17:52:01.154Z"}
{"level":"info","message":"Server started at port 8000","timestamp":"2026-05-07T08:16:55.260Z"}
{"level":"info","message":"Database connected successfully","timestamp":"2026-05-07T08:16:56.567Z"}
{"level":"info","message":"Server started at port 8000","timestamp":"2026-05-07T08:48:16.645Z"}
{"level":"info","message":"Database connected successfully","timestamp":"2026-05-07T08:48:18.217Z"}
{"level":"info","message":"Server started at port 8000","timestamp":"2026-05-07T08:49:53.410Z"}
{"level":"info","message":"Database connected successfully","timestamp":"2026-05-07T08:49:55.119Z"}
{"level":"info","message":"Server started at port 8000","timestamp":"2026-05-07T08:52:08.724Z"}
{"level":"info","message":"Database connected successfully","timestamp":"2026-05-07T08:52:10.074Z"}
{"level":"info","message":"Server started at port 8000","timestamp":"2026-05-07T09:18:27.882Z"}
{"level":"info","message":"Database connected successfully","timestamp":"2026-05-07T09:18:28.612Z"}
{"level":"info","message":"Server started at port 8000","timestamp":"2026-05-07T09:18:42.789Z"}
{"level":"info","message":"Database connected successfully","timestamp":"2026-05-07T09:18:43.722Z"}
{"level":"info","message":"Server started at port 8000","timestamp":"2026-05-07T09:22:18.233Z"}
{"level":"info","message":"Database connected successfully","timestamp":"2026-05-07T09:22:19.556Z"}
{"level":"info","message":"Server started at port 8000","timestamp":"2026-05-07T09:24:23.784Z"}
{"level":"info","message":"Database connected successfully","timestamp":"2026-05-07T09:24:24.390Z"}
{"level":"info","message":"Server started at port 8000","timestamp":"2026-05-07T09:26:50.625Z"}
{"level":"info","message":"Database connected successfully","timestamp":"2026-05-07T09:26:51.571Z"}
{"level":"info","message":"Server started at port 8000","timestamp":"2026-05-07T09:29:46.580Z"}
{"level":"info","message":"Database connected successfully","timestamp":"2026-05-07T09:29:47.983Z"}
{"level":"info","message":"Server started at port 8000","timestamp":"2026-05-07T09:46:04.857Z"}
{"level":"info","message":"Database connected successfully","timestamp":"2026-05-07T09:46:06.596Z"}
{"level":"info","message":"Server started at port 8000","timestamp":"2026-05-07T09:48:35.322Z"}
{"level":"info","message":"Database connected successfully","timestamp":"2026-05-07T09:48:36.028Z"}
{"level":"info","message":"Server started at port 8000","timestamp":"2026-05-07T09:52:22.825Z"}
{"level":"info","message":"Database connected successfully","timestamp":"2026-05-07T09:52:24.021Z"}
{"level":"info","message":"Server started at port 8000","timestamp":"2026-05-07T09:54:15.088Z"}
{"level":"info","message":"Database connected successfully","timestamp":"2026-05-07T09:54:16.012Z"}
{"level":"info","message":"Server started at port 8000","timestamp":"2026-05-07T09:55:36.914Z"}
{"level":"info","message":"Database connected successfully","timestamp":"2026-05-07T09:55:37.769Z"}
{"level":"info","message":"Server started at port 8000","timestamp":"2026-05-07T09:57:48.386Z"}
{"level":"info","message":"Database connected successfully","timestamp":"2026-05-07T09:57:49.174Z"}
{"level":"info","message":"Server started at port 8000","timestamp":"2026-05-07T10:04:11.191Z"}
{"level":"info","message":"Database connected successfully","timestamp":"2026-05-07T10:04:12.007Z"}
{"level":"info","message":"Server started at port 8000","timestamp":"2026-05-07T10:54:44.453Z"}
{"level":"info","message":"Database connected successfully","timestamp":"2026-05-07T10:54:49.262Z"}
{"level":"info","message":"Server started at port 8000","timestamp":"2026-05-07T10:55:26.985Z"}
{"level":"info","message":"Database connected successfully","timestamp":"2026-05-07T10:55:27.682Z"}
{"level":"info","message":"Server started at port 8000","timestamp":"2026-05-07T10:58:21.667Z"}
{"level":"info","message":"Database connected successfully","timestamp":"2026-05-07T10:58:22.649Z"}
{"level":"info","message":"Server started at port 8000","timestamp":"2026-05-07T11:00:23.897Z"}
{"level":"info","message":"Database connected successfully","timestamp":"2026-05-07T11:00:24.715Z"}
{"level":"info","message":"Server started at port 8000","timestamp":"2026-05-11T12:12:28.616Z"}
{"id":"gKHCUZmktUgIJrJrAAAB","level":"info","message":"Socket connected","timestamp":"2026-05-11T12:12:28.694Z"}
{"level":"info","message":"Database connected successfully","timestamp":"2026-05-11T12:12:29.406Z"}
{"level":"info","message":"User identity established","socketId":"gKHCUZmktUgIJrJrAAAB","timestamp":"2026-05-11T12:12:29.487Z","userId":"69fc61ac6f16c03f6d7f535c"}
{"level":"info","message":"Server started at port 8000","timestamp":"2026-05-11T12:13:16.126Z"}
{"level":"info","message":"Database connected successfully","timestamp":"2026-05-11T12:13:16.805Z"}
{"id":"uVSNHuZxWe125fDMAAAB","level":"info","message":"Socket connected","timestamp":"2026-05-11T12:13:16.875Z"}
{"level":"info","message":"User identity established","socketId":"uVSNHuZxWe125fDMAAAB","timestamp":"2026-05-11T12:13:17.089Z","userId":"69fc61ac6f16c03f6d7f535c"}
{"level":"info","message":"Server started at port 8000","timestamp":"2026-05-11T12:15:25.965Z"}
{"level":"info","message":"Database connected successfully","timestamp":"2026-05-11T12:15:26.824Z"}
{"id":"Eg0irTMtBcoEgFReAAAB","level":"info","message":"Socket connected","timestamp":"2026-05-11T12:15:27.864Z"}
{"level":"info","message":"User identity established","socketId":"Eg0irTMtBcoEgFReAAAB","timestamp":"2026-05-11T12:15:27.932Z","userId":"69fc61ac6f16c03f6d7f535c"}
{"level":"info","message":"Server started at port 8000","timestamp":"2026-05-11T12:17:24.883Z"}
{"id":"8AK8wDEDKyeD1H64AAAB","level":"info","message":"Socket connected","timestamp":"2026-05-11T12:17:24.917Z"}
{"level":"info","message":"Database connected successfully","timestamp":"2026-05-11T12:17:25.757Z"}
{"level":"info","message":"User identity established","socketId":"8AK8wDEDKyeD1H64AAAB","timestamp":"2026-05-11T12:17:25.830Z","userId":"69fc61ac6f16c03f6d7f535c"}
{"level":"info","message":"Server started at port 8000","timestamp":"2026-05-11T12:20:50.798Z"}
{"id":"TMduZGSFBZeBOluhAAAB","level":"info","message":"Socket connected","timestamp":"2026-05-11T12:20:50.883Z"}
{"level":"info","message":"Database connected successfully","timestamp":"2026-05-11T12:20:51.640Z"}
{"level":"info","message":"User identity established","socketId":"TMduZGSFBZeBOluhAAAB","timestamp":"2026-05-11T12:20:51.709Z","userId":"69fc61ac6f16c03f6d7f535c"}
